<?xml version="1.0" encoding="UTF-8"?>
<testsuite xmlns:xsi="http://www.w3.org/2001/XMLSchema-instance" xsi:noNamespaceSchemaLocation="https://maven.apache.org/surefire/maven-surefire-plugin/xsd/surefire-test-report.xsd" name="addPastBetTest.AddPastBetDATest" time="2.261" tests="7" errors="0" skipped="0" failures="0">
  <properties>
[...]
</properties>
  <testcase name="test1a" classname="addPastBetTest.AddPastBetDATest" time="0.212"/>
  <testcase name="test1b" classname="addPastBetTest.AddPastBetDATest" time="0.048"/>
  <testcase name="test1c" classname="addPastBetTest.AddPastBetDATest" time="0.058"/>
  <testcase name="test2" classname="addPastBetTest.AddPastBetDATest" time="0.24"/>
  <testcase name="test3" classname="addPastBetTest.AddPastBetDATest" time="0.096"/>
  <testcase name="test4" classname="addPastBetTest.AddPastBetDATest" time="0.794"/>
  <testcase name="test5" classname="addPastBetTest.AddPastBetDATest" time="0.122"/>
</testsuite>